android/final/app/build/intermediates/manifest_merge_blame_file/debug/manifest-merger-blame-debug-report.txt
1<?xml version="1.0" encoding="utf-8"?>
2<manifest xmlns:android="http://schemas.android.com/apk/res/android"
3    package="org.tensorflow.codelabs.objectdetection"
4    android:versionCode="1"
5    android:versionName="1.0" >
6
7    <uses-sdk
8        android:minSdkVersion="23"
8-->src\main\AndroidManifest.xml
9        android:targetSdkVersion="30" />
9-->src\main\AndroidManifest.xml
10
11    <queries>
11-->src\main\AndroidManifest.xml:4:5-8:15
12        <intent>
12-->src\main\AndroidManifest.xml:5:9-7:18
13            <action android:name="android.media.action.IMAGE_CAPTURE" />
13-->src\main\AndroidManifest.xml:6:13-73
13-->src\main\AndroidManifest.xml:6:21-70
14        </intent>
15    </queries>
16
17    <application
17-->src\main\AndroidManifest.xml:10:5-34:19
18        android:allowBackup="true"
18-->src\main\AndroidManifest.xml:11:9-35
19        android:appComponentFactory="androidx.core.app.CoreComponentFactory"
19-->[androidx.core:core:1.3.2] AndroidManifest.xml:24:18-86
20        android:debuggable="true"
21        android:extractNativeLibs="false"
22        android:icon="@mipmap/ic_launcher"
22-->src\main\AndroidManifest.xml:12:9-43
23        android:label="@string/app_name"
23-->src\main\AndroidManifest.xml:13:9-41
24        android:roundIcon="@mipmap/ic_launcher_round"
24-->src\main\AndroidManifest.xml:14:9-54
25        android:supportsRtl="true"
25-->src\main\AndroidManifest.xml:15:9-35
26        android:testOnly="true"
27        android:theme="@style/Theme.ObjectDetection" >
27-->src\main\AndroidManifest.xml:16:9-53
28        <activity android:name="org.tensorflow.codelabs.objectdetection.MainActivity" >
28-->src\main\AndroidManifest.xml:17:9-23:20
28-->src\main\AndroidManifest.xml:17:19-86
29            <intent-filter>
29-->src\main\AndroidManifest.xml:18:13-22:29
30                <action android:name="android.intent.action.MAIN" />
30-->src\main\AndroidManifest.xml:19:17-69
30-->src\main\AndroidManifest.xml:19:25-66
31
32                <category android:name="android.intent.category.LAUNCHER" />
32-->src\main\AndroidManifest.xml:21:17-77
32-->src\main\AndroidManifest.xml:21:27-74
33            </intent-filter>
34        </activity>
35
36        <provider
36-->src\main\AndroidManifest.xml:25:9-33:20
37            android:name="androidx.core.content.FileProvider"
37-->src\main\AndroidManifest.xml:26:13-62
38            android:authorities="org.tensorflow.codelabs.objectdetection.fileprovider"
38-->src\main\AndroidManifest.xml:27:13-87
39            android:exported="false"
39-->src\main\AndroidManifest.xml:28:13-37
40            android:grantUriPermissions="true" >
40-->src\main\AndroidManifest.xml:29:13-47
41            <meta-data
41-->src\main\AndroidManifest.xml:30:13-32:54
42                android:name="android.support.FILE_PROVIDER_PATHS"
42-->src\main\AndroidManifest.xml:31:17-67
43                android:resource="@xml/file_paths" />
43-->src\main\AndroidManifest.xml:32:17-51
44        </provider>
45    </application>
46
47</manifest>